# JRE version: Java(TM) SE Runtime Environment 18.9 (11.0.13+10) (build 11.0.13+10-LTS-370)
# Java VM: Java HotSpot(TM) 64-Bit Server VM 18.9 (11.0.13+10-LTS-370, mixed mode, tiered, compressed oops, g1 gc, windows-amd64)
Heap:
 garbage-first heap   total 71680K, used 32743K [0x0000000702000000, 0x0000000800000000)
  region size 1024K, 13 young (13312K), 3 survivors (3072K)
 Metaspace       used 51939K, capacity 54047K, committed 54268K, reserved 1095680K
  class space    used 6374K, capacity 7205K, committed 7244K, reserved 1048576K
GC Heap History (10 events):
Event: 552.294 GC heap before
{Heap before GC invocations=28 (full 5):
 garbage-first heap   total 71680K, used 55914K [0x0000000702000000, 0x0000000800000000)
  region size 1024K, 37 young (37888K), 4 survivors (4096K)
 Metaspace       used 51210K, capacity 53351K, committed 53500K, reserved 1095680K
  class space    used 6303K, capacity 7165K, committed 7244K, reserved 1048576K
}
Event: 552.297 GC heap after
{Heap after GC invocations=29 (full 5):
 garbage-first heap   total 71680K, used 23562K [0x0000000702000000, 0x0000000800000000)
  region size 1024K, 3 young (3072K), 3 survivors (3072K)
 Metaspace       used 51210K, capacity 53351K, committed 53500K, reserved 1095680K
  class space    used 6303K, capacity 7165K, committed 7244K, reserved 1048576K
}
Event: 553.516 GC heap before
{Heap before GC invocations=29 (full 5):
 garbage-first heap   total 71680K, used 33802K [0x0000000702000000, 0x0000000800000000)
  region size 1024K, 14 young (14336K), 3 survivors (3072K)
 Metaspace       used 51213K, capacity 53357K, committed 53500K, reserved 1095680K
  class space    used 6303K, capacity 7167K, committed 7244K, reserved 1048576K
}
Event: 553.551 GC heap after
{Heap after GC invocations=30 (full 6):
 garbage-first heap   total 71680K, used 19735K [0x0000000702000000, 0x0000000800000000)
  region size 1024K, 0 young (0K), 0 survivors (0K)
 Metaspace       used 51210K, capacity 53351K, committed 53500K, reserved 1095680K
  class space    used 6303K, capacity 7165K, committed 7244K, reserved 1048576K
}
Event: 553.870 GC heap before
{Heap before GC invocations=30 (full 6):
 garbage-first heap   total 71680K, used 55575K [0x0000000702000000, 0x0000000800000000)
  region size 1024K, 36 young (36864K), 0 survivors (0K)
 Metaspace       used 51256K, capacity 53439K, committed 53756K, reserved 1095680K
  class space    used 6310K, capacity 7173K, committed 7244K, reserved 1048576K
}
Event: 553.873 GC heap after
{Heap after GC invocations=31 (full 6):
 garbage-first heap   total 71680K, used 22005K [0x0000000702000000, 0x0000000800000000)
  region size 1024K, 3 young (3072K), 3 survivors (3072K)
 Metaspace       used 51256K, capacity 53439K, committed 53756K, reserved 1095680K
  class space    used 6310K, capacity 7173K, committed 7244K, reserved 1048576K
}
Event: 554.104 GC heap before
{Heap before GC invocations=31 (full 6):
 garbage-first heap   total 71680K, used 55797K [0x0000000702000000, 0x0000000800000000)
  region size 1024K, 37 young (37888K), 3 survivors (3072K)
 Metaspace       used 51286K, capacity 53471K, committed 53756K, reserved 1095680K
  class space    used 6313K, capacity 7205K, committed 7244K, reserved 1048576K
}
Event: 554.107 GC heap after
{Heap after GC invocations=32 (full 6):
 garbage-first heap   total 71680K, used 23125K [0x0000000702000000, 0x0000000800000000)
  region size 1024K, 4 young (4096K), 4 survivors (4096K)
 Metaspace       used 51286K, capacity 53471K, committed 53756K, reserved 1095680K
  class space    used 6313K, capacity 7205K, committed 7244K, reserved 1048576K
}
Event: 554.554 GC heap before
{Heap before GC invocations=32 (full 6):
 garbage-first heap   total 71680K, used 55893K [0x0000000702000000, 0x0000000800000000)
  region size 1024K, 37 young (37888K), 4 survivors (4096K)
 Metaspace       used 51286K, capacity 53471K, committed 53756K, reserved 1095680K
  class space    used 6313K, capacity 7205K, committed 7244K, reserved 1048576K
}
Event: 554.558 GC heap after
{Heap after GC invocations=33 (full 6):
 garbage-first heap   total 71680K, used 23527K [0x0000000702000000, 0x0000000800000000)
  region size 1024K, 3 young (3072K), 3 survivors (3072K)
 Metaspace       used 51286K, capacity 53471K, committed 53756K, reserved 1095680K
  class space    used 6313K, capacity 7205K, committed 7244K, reserved 1048576K
}

