# JRE version: Java(TM) SE Runtime Environment 18.9 (11.0.13+10) (build 11.0.13+10-LTS-370)
# Java VM: Java HotSpot(TM) 64-Bit Server VM 18.9 (11.0.13+10-LTS-370, mixed mode, tiered, compressed oops, g1 gc, windows-amd64)
Heap:
 garbage-first heap   total 65536K, used 25994K [0x0000000702000000, 0x0000000800000000)
  region size 1024K, 5 young (5120K), 2 survivors (2048K)
 Metaspace       used 52034K, capacity 54307K, committed 54448K, reserved 1095680K
  class space    used 6438K, capacity 7384K, committed 7424K, reserved 1048576K
GC Heap History (10 events):
Event: 763.836 GC heap before
{Heap before GC invocations=42 (full 4):
 garbage-first heap   total 65536K, used 44429K [0x0000000702000000, 0x0000000800000000)
  region size 1024K, 23 young (23552K), 2 survivors (2048K)
 Metaspace       used 51559K, capacity 53862K, committed 54064K, reserved 1095680K
  class space    used 6369K, capacity 7278K, committed 7296K, reserved 1048576K
}
Event: 763.871 GC heap after
{Heap after GC invocations=43 (full 5):
 garbage-first heap   total 65536K, used 19850K [0x0000000702000000, 0x0000000800000000)
  region size 1024K, 0 young (0K), 0 survivors (0K)
 Metaspace       used 51557K, capacity 53856K, committed 54064K, reserved 1095680K
  class space    used 6369K, capacity 7276K, committed 7296K, reserved 1048576K
}
Event: 764.164 GC heap before
{Heap before GC invocations=43 (full 5):
 garbage-first heap   total 65536K, used 48522K [0x0000000702000000, 0x0000000800000000)
  region size 1024K, 29 young (29696K), 0 survivors (0K)
 Metaspace       used 51586K, capacity 53942K, committed 54064K, reserved 1095680K
  class space    used 6374K, capacity 7282K, committed 7296K, reserved 1048576K
}
Event: 764.166 GC heap after
{Heap after GC invocations=44 (full 5):
 garbage-first heap   total 65536K, used 21638K [0x0000000702000000, 0x0000000800000000)
  region size 1024K, 2 young (2048K), 2 survivors (2048K)
 Metaspace       used 51586K, capacity 53942K, committed 54064K, reserved 1095680K
  class space    used 6374K, capacity 7282K, committed 7296K, reserved 1048576K
}
Event: 764.386 GC heap before
{Heap before GC invocations=44 (full 5):
 garbage-first heap   total 65536K, used 50310K [0x0000000702000000, 0x0000000800000000)
  region size 1024K, 30 young (30720K), 2 survivors (2048K)
 Metaspace       used 51621K, capacity 53982K, committed 54192K, reserved 1095680K
  class space    used 6378K, capacity 7317K, committed 7424K, reserved 1048576K
}
Event: 764.389 GC heap after
{Heap after GC invocations=45 (full 5):
 garbage-first heap   total 65536K, used 22716K [0x0000000702000000, 0x0000000800000000)
  region size 1024K, 3 young (3072K), 3 survivors (3072K)
 Metaspace       used 51621K, capacity 53982K, committed 54192K, reserved 1095680K
  class space    used 6378K, capacity 7317K, committed 7424K, reserved 1048576K
}
Event: 764.600 GC heap before
{Heap before GC invocations=45 (full 5):
 garbage-first heap   total 65536K, used 50364K [0x0000000702000000, 0x0000000800000000)
  region size 1024K, 31 young (31744K), 3 survivors (3072K)
 Metaspace       used 51636K, capacity 53982K, committed 54192K, reserved 1095680K
  class space    used 6380K, capacity 7317K, committed 7424K, reserved 1048576K
}
Event: 764.604 GC heap after
{Heap after GC invocations=46 (full 5):
 garbage-first heap   total 65536K, used 23533K [0x0000000702000000, 0x0000000800000000)
  region size 1024K, 3 young (3072K), 3 survivors (3072K)
 Metaspace       used 51636K, capacity 53982K, committed 54192K, reserved 1095680K
  class space    used 6380K, capacity 7317K, committed 7424K, reserved 1048576K
}
Event: 766.861 GC heap before
{Heap before GC invocations=46 (full 5):
 garbage-first heap   total 65536K, used 51181K [0x0000000702000000, 0x0000000800000000)
  region size 1024K, 30 young (30720K), 3 survivors (3072K)
 Metaspace       used 51636K, capacity 53982K, committed 54192K, reserved 1095680K
  class space    used 6380K, capacity 7317K, committed 7424K, reserved 1048576K
}
Event: 766.870 GC heap after
{Heap after GC invocations=47 (full 5):
 garbage-first heap   total 65536K, used 23946K [0x0000000702000000, 0x0000000800000000)
  region size 1024K, 2 young (2048K), 2 survivors (2048K)
 Metaspace       used 51636K, capacity 53982K, committed 54192K, reserved 1095680K
  class space    used 6380K, capacity 7317K, committed 7424K, reserved 1048576K
}

