# JRE version: OpenJDK Runtime Environment Corretto-11.0.16.9.1 (11.0.16.1+9) (build 11.0.16.1+9-LTS)
# Java VM: OpenJDK 64-Bit Server VM Corretto-11.0.16.9.1 (11.0.16.1+9-LTS, mixed mode, tiered, compressed oops, g1 gc, windows-amd64)
Heap:
 garbage-first heap   total 630784K, used 47779K [0x0000000601200000, 0x0000000800000000)
  region size 2048K, 22 young (45056K), 8 survivors (16384K)
 Metaspace       used 50911K, capacity 52633K, committed 52732K, reserved 1095680K
  class space    used 6143K, capacity 6827K, committed 6912K, reserved 1048576K
GC Heap History (12 events):
Event: 0.857 GC heap before
{Heap before GC invocations=0 (full 0):
 garbage-first heap   total 524288K, used 22528K [0x0000000601200000, 0x0000000800000000)
  region size 2048K, 12 young (24576K), 0 survivors (0K)
 Metaspace       used 13802K, capacity 14191K, committed 14336K, reserved 1062912K
  class space    used 1399K, capacity 1518K, committed 1536K, reserved 1048576K
}
Event: 0.862 GC heap after
{Heap after GC invocations=1 (full 0):
 garbage-first heap   total 524288K, used 5630K [0x0000000601200000, 0x0000000800000000)
  region size 2048K, 2 young (4096K), 2 survivors (4096K)
 Metaspace       used 13802K, capacity 14191K, committed 14336K, reserved 1062912K
  class space    used 1399K, capacity 1518K, committed 1536K, reserved 1048576K
}
Event: 1.299 GC heap before
{Heap before GC invocations=1 (full 0):
 garbage-first heap   total 524288K, used 50686K [0x0000000601200000, 0x0000000800000000)
  region size 2048K, 25 young (51200K), 2 survivors (4096K)
 Metaspace       used 20481K, capacity 21124K, committed 21248K, reserved 1069056K
  class space    used 2304K, capacity 2547K, committed 2560K, reserved 1048576K
}
Event: 1.305 GC heap after
{Heap after GC invocations=2 (full 0):
 garbage-first heap   total 524288K, used 7504K [0x0000000601200000, 0x0000000800000000)
  region size 2048K, 3 young (6144K), 3 survivors (6144K)
 Metaspace       used 20481K, capacity 21124K, committed 21248K, reserved 1069056K
  class space    used 2304K, capacity 2547K, committed 2560K, reserved 1048576K
}
Event: 1.643 GC heap before
{Heap before GC invocations=3 (full 0):
 garbage-first heap   total 524288K, used 54608K [0x0000000601200000, 0x0000000800000000)
  region size 2048K, 27 young (55296K), 3 survivors (6144K)
 Metaspace       used 26091K, capacity 27046K, committed 27260K, reserved 1073152K
  class space    used 3040K, capacity 3382K, committed 3456K, reserved 1048576K
}
Event: 1.648 GC heap after
{Heap after GC invocations=4 (full 0):
 garbage-first heap   total 524288K, used 10008K [0x0000000601200000, 0x0000000800000000)
  region size 2048K, 3 young (6144K), 3 survivors (6144K)
 Metaspace       used 26091K, capacity 27046K, committed 27260K, reserved 1073152K
  class space    used 3040K, capacity 3382K, committed 3456K, reserved 1048576K
}
Event: 2.411 GC heap before
{Heap before GC invocations=4 (full 0):
 garbage-first heap   total 524288K, used 81688K [0x0000000601200000, 0x0000000800000000)
  region size 2048K, 38 young (77824K), 3 survivors (6144K)
 Metaspace       used 32686K, capacity 33890K, committed 34172K, reserved 1079296K
  class space    used 3942K, capacity 4401K, committed 4480K, reserved 1048576K
}
Event: 2.417 GC heap after
{Heap after GC invocations=5 (full 0):
 garbage-first heap   total 524288K, used 13706K [0x0000000601200000, 0x0000000800000000)
  region size 2048K, 4 young (8192K), 4 survivors (8192K)
 Metaspace       used 32686K, capacity 33890K, committed 34172K, reserved 1079296K
  class space    used 3942K, capacity 4401K, committed 4480K, reserved 1048576K
}
Event: 2.566 GC heap before
{Heap before GC invocations=5 (full 0):
 garbage-first heap   total 524288K, used 25994K [0x0000000601200000, 0x0000000800000000)
  region size 2048K, 11 young (22528K), 4 survivors (8192K)
 Metaspace       used 34668K, capacity 35839K, committed 35964K, reserved 1081344K
  class space    used 4159K, capacity 4644K, committed 4736K, reserved 1048576K
}
Event: 2.579 GC heap after
{Heap after GC invocations=6 (full 0):
 garbage-first heap   total 630784K, used 14245K [0x0000000601200000, 0x0000000800000000)
  region size 2048K, 5 young (10240K), 5 survivors (10240K)
 Metaspace       used 34668K, capacity 35839K, committed 35964K, reserved 1081344K
  class space    used 4159K, capacity 4644K, committed 4736K, reserved 1048576K
}
Event: 10.976 GC heap before
{Heap before GC invocations=7 (full 0):
 garbage-first heap   total 630784K, used 130981K [0x0000000601200000, 0x0000000800000000)
  region size 2048K, 62 young (126976K), 5 survivors (10240K)
 Metaspace       used 47638K, capacity 49294K, committed 49532K, reserved 1091584K
  class space    used 5784K, capacity 6443K, committed 6528K, reserved 1048576K
}
Event: 10.985 GC heap after
{Heap after GC invocations=8 (full 0):
 garbage-first heap   total 630784K, used 21155K [0x0000000601200000, 0x0000000800000000)
  region size 2048K, 8 young (16384K), 8 survivors (16384K)
 Metaspace       used 47638K, capacity 49294K, committed 49532K, reserved 1091584K
  class space    used 5784K, capacity 6443K, committed 6528K, reserved 1048576K
}

